[2025-04-02 23:32:20,592] 25 root - INFO - data ingestion started
[2025-04-02 23:32:20,680] 28 root - INFO -  reading a df
[2025-04-02 23:32:21,070] 32 root - INFO -  i have saved the raw dataset in artifact folder
[2025-04-02 23:32:21,070] 34 root - INFO - here i have performed train test split
[2025-04-02 23:32:21,089] 37 root - INFO - train test split completed
[2025-04-02 23:32:21,470] 42 root - INFO - data ingestion part completed
[2025-04-02 23:32:21,540] 87 root - INFO - read train and test data complete
[2025-04-02 23:32:21,542] 88 root - INFO - Train Dataframe Head : 
      id  carat      cut color clarity  depth  table     x     y     z  price
0  74334   0.75    Ideal     G     VS1   60.9   56.0  5.86  5.90  3.59   3431
1  14479   0.90     Good     G     VS2   63.9   60.0  6.08  6.04  3.87   4401
2  79584   1.50  Premium     G     SI1   58.7   62.0  7.29  7.22  4.17   9836
3  64583   1.52  Premium     F     SI2   61.8   60.0  7.30  7.36  4.53   8314
4  24472   0.42    Ideal     G    VVS1   61.1   56.0  4.83  4.86  2.96   1211
[2025-04-02 23:32:21,543] 89 root - INFO - Test Dataframe Head : 
       id  carat        cut color clarity  depth  table     x     y     z  price
0  183392   0.71      Ideal     H     SI2   60.4   56.0  5.74  5.76  3.48   2100
1   32403   0.44      Ideal     G    VVS2   61.8   56.0  4.89  4.92  3.03   1571
2  176852   0.51      Ideal     G    VVS2   61.9   55.0  5.13  5.17  3.18   1986
3   83977   0.48  Very Good     F     VS2   61.9   61.0  5.01  5.04  3.11   1305
4   38617   2.04      Ideal     J     VS2   61.9   57.0  8.14  8.09  5.01  17052
[2025-04-02 23:32:21,543] 32 root - INFO - Data Transformation initiated
[2025-04-02 23:32:21,543] 43 root - INFO - Pipeline Initiated
[2025-04-02 23:32:21,685] 107 root - INFO - Applying preprocessing object on training and testing datasets.
[2025-04-02 23:32:21,688] 117 root - INFO - preprocessing pickle file saved
[2025-04-02 23:32:21,691] 26 root - INFO - Splitting Dependent and Independent variables from train and test data
[2025-04-02 23:32:23,892] 44 root - INFO - Model Report : {'LinearRegression': 0.9368992389377666, 'Lasso': 0.9372135701399994, 'Ridge': 0.9368963028277801, 'Elasticnet': 0.8544919140534886}
[2025-04-02 23:32:23,892] 57 root - INFO - Best Model Found , Model Name : Lasso , R2 Score : 0.9372135701399994
[2025-04-02 23:32:23,893] 15 root - INFO - evaluation started
[2025-04-02 23:32:23,894] 33 root - INFO - model has register
[2025-04-02 23:32:23,983] 21 root - INFO - evaluation metrics captured
