[2025-04-02 23:43:04,169] 25 root - INFO - data ingestion started
[2025-04-02 23:43:04,253] 28 root - INFO -  reading a df
[2025-04-02 23:43:04,651] 32 root - INFO -  i have saved the raw dataset in artifact folder
[2025-04-02 23:43:04,651] 34 root - INFO - here i have performed train test split
[2025-04-02 23:43:04,668] 37 root - INFO - train test split completed
[2025-04-02 23:43:05,051] 42 root - INFO - data ingestion part completed
[2025-04-02 23:43:05,129] 87 root - INFO - read train and test data complete
[2025-04-02 23:43:05,132] 88 root - INFO - Train Dataframe Head : 
       id  carat      cut color clarity  depth  table     x     y     z  price
0   42117   0.72  Premium     E     SI1   60.9   58.0  5.82  5.77  3.53   2753
1    2266   2.02     Good     J     SI1   60.1   61.0  8.17  8.28  4.92  12621
2  169840   0.32    Ideal     D     VS2   62.1   57.0  4.42  4.37  2.74    972
3  124488   0.72    Ideal     E     SI1   61.7   54.0  5.78  5.81  3.56   2999
4   36090   0.40    Ideal     G    VVS1   61.5   56.0  4.70  4.76  2.90    974
[2025-04-02 23:43:05,133] 89 root - INFO - Test Dataframe Head : 
       id  carat    cut color clarity  depth  table     x     y     z  price
0  171803   1.04  Ideal     G     VS1   59.6   57.0  6.62  6.66  3.96   6256
1  123596   0.52  Ideal     F     VS2   62.4   57.0  5.12  5.17  3.21   1640
2  124918   0.71  Ideal     E     VS1   61.6   57.0  5.70  5.73  3.53   3323
3   90510   0.90  Ideal     I     VS2   62.0   55.0  6.20  6.14  3.82   3276
4  117291   0.53  Ideal     D     SI1   61.4   57.0  5.18  5.23  3.20   1749
[2025-04-02 23:43:05,133] 32 root - INFO - Data Transformation initiated
[2025-04-02 23:43:05,133] 43 root - INFO - Pipeline Initiated
[2025-04-02 23:43:05,280] 107 root - INFO - Applying preprocessing object on training and testing datasets.
[2025-04-02 23:43:05,294] 117 root - INFO - preprocessing pickle file saved
[2025-04-02 23:43:05,297] 26 root - INFO - Splitting Dependent and Independent variables from train and test data
[2025-04-02 23:43:07,546] 44 root - INFO - Model Report : {'LinearRegression': 0.9366209056695337, 'Lasso': 0.9368012836911214, 'Ridge': 0.9366188882681066, 'Elasticnet': 0.8545506882147719}
[2025-04-02 23:43:07,547] 57 root - INFO - Best Model Found , Model Name : Lasso , R2 Score : 0.9368012836911214
[2025-04-02 23:43:07,547] 15 root - INFO - evaluation started
[2025-04-02 23:43:07,547] 33 root - INFO - model has register
[2025-04-02 23:43:07,716] 21 root - INFO - evaluation metrics captured
