[2025-04-03 18:22:54,856] 25 root - INFO - data ingestion started
[2025-04-03 18:22:54,936] 28 root - INFO -  reading a df
[2025-04-03 18:22:55,401] 32 root - INFO -  i have saved the raw dataset in artifact folder
[2025-04-03 18:22:55,401] 34 root - INFO - here i have performed train test split
[2025-04-03 18:22:55,422] 37 root - INFO - train test split completed
[2025-04-03 18:22:55,826] 42 root - INFO - data ingestion part completed
[2025-04-03 18:22:55,906] 87 root - INFO - read train and test data complete
[2025-04-03 18:22:55,909] 88 root - INFO - Train Dataframe Head : 
       id  carat        cut color clarity  depth  table     x     y     z  price
0  189603   1.25  Very Good     E     SI1   61.9   58.0  6.93  6.89  4.28   9132
1   69309   1.24    Premium     H     VS1   61.7   56.0  6.95  6.84  4.26   7283
2   50357   0.30  Very Good     I    VVS2   62.9   57.0  4.30  4.33  2.71    526
3   93230   1.51    Premium     F     VS2   62.0   58.0  7.27  7.31  4.52  13919
4   71683   0.51      Ideal     G     VS2   62.1   54.0  5.15  5.12  3.19   1546
[2025-04-03 18:22:55,910] 89 root - INFO - Test Dataframe Head : 
       id  carat      cut color clarity  depth  table     x     y     z  price
0   29836   0.31    Ideal     E     VS2   61.0   57.0  4.42  4.39  2.69    928
1   60806   0.70  Premium     J     SI1   62.3   58.0  5.67  5.63  3.52   1777
2   77904   0.71  Premium     G     VS2   61.5   60.0  5.76  5.73  3.53   2974
3  142380   0.39  Premium     F     VS1   61.7   58.0  4.71  4.69  2.89    961
4  122922   0.56  Premium     D     SI1   61.9   58.0  5.25  5.28  3.26   1708
[2025-04-03 18:22:55,910] 32 root - INFO - Data Transformation initiated
[2025-04-03 18:22:55,910] 43 root - INFO - Pipeline Initiated
[2025-04-03 18:22:56,059] 107 root - INFO - Applying preprocessing object on training and testing datasets.
[2025-04-03 18:22:56,063] 117 root - INFO - preprocessing pickle file saved
[2025-04-03 18:22:56,065] 26 root - INFO - Splitting Dependent and Independent variables from train and test data
[2025-04-03 18:22:57,922] 44 root - INFO - Model Report : {'LinearRegression': 0.9378970910865729, 'Lasso': 0.937890007715981, 'Ridge': 0.937897290640074, 'Elasticnet': 0.856714969283327}
[2025-04-03 18:22:57,923] 57 root - INFO - Best Model Found , Model Name : Ridge , R2 Score : 0.937897290640074
[2025-04-03 18:22:57,925] 15 root - INFO - evaluation started
[2025-04-03 18:22:57,925] 33 root - INFO - model has register
[2025-04-03 18:22:59,812] 21 root - INFO - evaluation metrics captured
