[2025-04-03 00:53:41,221] 25 root - INFO - data ingestion started
[2025-04-03 00:53:41,320] 28 root - INFO -  reading a df
[2025-04-03 00:53:41,709] 32 root - INFO -  i have saved the raw dataset in artifact folder
[2025-04-03 00:53:41,709] 34 root - INFO - here i have performed train test split
[2025-04-03 00:53:41,720] 37 root - INFO - train test split completed
[2025-04-03 00:53:42,103] 42 root - INFO - data ingestion part completed
[2025-04-03 00:53:42,180] 87 root - INFO - read train and test data complete
[2025-04-03 00:53:42,182] 88 root - INFO - Train Dataframe Head : 
       id  carat        cut color clarity  depth  table     x     y     z  price
0   34776   2.02  Very Good     G     SI2   63.3   57.0  8.05  7.95  5.07  15585
1  140318   0.34      Ideal     E    VVS1   62.7   55.0  4.49  4.52  2.82    865
2  177258   0.55      Ideal     I      IF   61.2   56.0  5.25  5.28  3.23   1629
3    8575   0.23  Very Good     F    VVS1   60.5   59.0  3.96  3.99  2.41    530
4   30554   1.51       Good     I     VS1   63.1   56.0  7.37  7.28  4.61  10572
[2025-04-03 00:53:42,183] 89 root - INFO - Test Dataframe Head : 
       id  carat        cut color clarity  depth  table     x     y     z  price
0   48255   1.00    Premium     E     SI2   62.8   56.0  6.43  6.30  4.00   4579
1   40031   1.09      Ideal     H     SI1   63.1   54.0  6.56  6.61  4.14   5051
2    1858   2.03  Very Good     I     VS2   60.5   59.0  8.30  8.26  4.99  16389
3   99091   1.18      Ideal     G    VVS2   62.7   55.0  6.76  6.70  4.22   8932
4  144512   0.56      Ideal     F     VS2   61.0   55.0  5.40  5.35  3.28   1814
[2025-04-03 00:53:42,183] 32 root - INFO - Data Transformation initiated
[2025-04-03 00:53:42,183] 43 root - INFO - Pipeline Initiated
[2025-04-03 00:53:42,329] 107 root - INFO - Applying preprocessing object on training and testing datasets.
[2025-04-03 00:53:42,336] 117 root - INFO - preprocessing pickle file saved
[2025-04-03 00:53:42,340] 26 root - INFO - Splitting Dependent and Independent variables from train and test data
[2025-04-03 00:53:44,085] 44 root - INFO - Model Report : {'LinearRegression': 0.9379063287155667, 'Lasso': 0.937894709443874, 'Ridge': 0.9379056215029428, 'Elasticnet': 0.854990188849319}
[2025-04-03 00:53:44,085] 57 root - INFO - Best Model Found , Model Name : LinearRegression , R2 Score : 0.9379063287155667
[2025-04-03 00:53:44,086] 15 root - INFO - evaluation started
[2025-04-03 00:53:44,086] 33 root - INFO - model has register
