[2025-04-03 02:18:19,387] 97 werkzeug - INFO - [31m[1mWARNING: This is a development server. Do not use it in a production deployment. Use a production WSGI server instead.[0m
 * Running on all addresses (0.0.0.0)
 * Running on http://127.0.0.1:5050
 * Running on http://192.168.29.251:5050
[2025-04-03 02:18:19,387] 97 werkzeug - INFO - [33mPress CTRL+C to quit[0m
[2025-04-03 02:18:28,852] 1414 app - ERROR - Exception on /predict [POST]
Traceback (most recent call last):
  File "/Users/preetyrai/real-world-mlops-project/env/lib/python3.8/site-packages/flask/app.py", line 2190, in wsgi_app
    response = self.full_dispatch_request()
  File "/Users/preetyrai/real-world-mlops-project/env/lib/python3.8/site-packages/flask/app.py", line 1486, in full_dispatch_request
    rv = self.handle_user_exception(e)
  File "/Users/preetyrai/real-world-mlops-project/env/lib/python3.8/site-packages/flask/app.py", line 1484, in full_dispatch_request
    rv = self.dispatch_request()
  File "/Users/preetyrai/real-world-mlops-project/env/lib/python3.8/site-packages/flask/app.py", line 1469, in dispatch_request
    return self.ensure_sync(self.view_functions[rule.endpoint])(**view_args)
  File "app.py", line 18, in predict_datapoint
    carat=float(request.form.get("carat")),
ValueError: could not convert string to float: ''
[2025-04-03 02:18:28,867] 97 werkzeug - INFO - 127.0.0.1 - - [03/Apr/2025 02:18:28] "[35m[1mPOST /predict HTTP/1.1[0m" 500 -
[2025-04-03 02:19:53,626] 1414 app - ERROR - Exception on /predict [POST]
Traceback (most recent call last):
  File "/Users/preetyrai/real-world-mlops-project/env/lib/python3.8/site-packages/flask/app.py", line 2190, in wsgi_app
    response = self.full_dispatch_request()
  File "/Users/preetyrai/real-world-mlops-project/env/lib/python3.8/site-packages/flask/app.py", line 1486, in full_dispatch_request
    rv = self.handle_user_exception(e)
  File "/Users/preetyrai/real-world-mlops-project/env/lib/python3.8/site-packages/flask/app.py", line 1484, in full_dispatch_request
    rv = self.dispatch_request()
  File "/Users/preetyrai/real-world-mlops-project/env/lib/python3.8/site-packages/flask/app.py", line 1469, in dispatch_request
    return self.ensure_sync(self.view_functions[rule.endpoint])(**view_args)
  File "app.py", line 18, in predict_datapoint
    carat=float(request.form.get("carat")),
ValueError: could not convert string to float: ''
[2025-04-03 02:19:53,628] 97 werkzeug - INFO - 127.0.0.1 - - [03/Apr/2025 02:19:53] "[35m[1mPOST /predict HTTP/1.1[0m" 500 -
