[2025-04-02 23:51:44,946] 25 root - INFO - data ingestion started
[2025-04-02 23:51:45,081] 28 root - INFO -  reading a df
[2025-04-02 23:51:45,565] 32 root - INFO -  i have saved the raw dataset in artifact folder
[2025-04-02 23:51:45,565] 34 root - INFO - here i have performed train test split
[2025-04-02 23:51:45,586] 37 root - INFO - train test split completed
[2025-04-02 23:51:45,979] 42 root - INFO - data ingestion part completed
[2025-04-02 23:51:46,064] 87 root - INFO - read train and test data complete
[2025-04-02 23:51:46,066] 88 root - INFO - Train Dataframe Head : 
       id  carat        cut color clarity  depth  table     x     y     z  price
0  155698   0.37    Premium     D     SI1   61.4   59.0  4.60  4.63  2.83    827
1  171118   0.93    Premium     I     SI2   62.1   59.0  6.24  6.20  3.86   3299
2  191544   1.10  Very Good     G     VS1   62.5   57.0  6.56  6.60  4.11   6762
3   58572   0.41      Ideal     G    VVS2   62.2   56.0  4.75  4.79  2.97   1007
4   13579   1.53      Ideal     J     VS2   61.8   59.0  7.32  7.37  4.55   7197
[2025-04-02 23:51:46,067] 89 root - INFO - Test Dataframe Head : 
       id  carat      cut color clarity  depth  table     x     y     z  price
0   85593   0.52  Premium     E     VS2   61.9   59.0  5.14  5.17  3.19   1820
1  142296   1.01  Premium     G     VS2   62.3   62.0  6.37  6.39  3.97   5701
2   20058   0.40    Ideal     G     VS1   62.7   53.3  4.73  4.68  2.95   1048
3  168940   0.40  Premium     H    VVS1   62.1   58.0  4.71  4.74  2.93    946
4  104560   1.20    Ideal     H     VS2   62.6   57.0  6.73  6.79  4.24   7487
[2025-04-02 23:51:46,067] 32 root - INFO - Data Transformation initiated
[2025-04-02 23:51:46,067] 43 root - INFO - Pipeline Initiated
[2025-04-02 23:51:46,226] 107 root - INFO - Applying preprocessing object on training and testing datasets.
[2025-04-02 23:51:46,230] 117 root - INFO - preprocessing pickle file saved
[2025-04-02 23:51:46,232] 26 root - INFO - Splitting Dependent and Independent variables from train and test data
[2025-04-02 23:51:49,155] 44 root - INFO - Model Report : {'LinearRegression': 0.9357731337402205, 'Lasso': 0.9361719418822927, 'Ridge': 0.9357703301868102, 'Elasticnet': 0.8539235183439579}
[2025-04-02 23:51:49,155] 57 root - INFO - Best Model Found , Model Name : Lasso , R2 Score : 0.9361719418822927
[2025-04-02 23:51:49,155] 15 root - INFO - evaluation started
[2025-04-02 23:51:49,155] 33 root - INFO - model has register
